mktextfm Palatino
mktextfm Palatino
mktextfm Palatino
mktextfm Palatino/BI
mktextfm Palatino
mktextfm Palatino/B
mktextfm Palatino
mktextfm Palatino/I
mktextfm Palatino
mktextfm Palatino
mktextfm Palatino
mktextfm Palatino
mktextfm Palatino
mktextfm Palatino
mktextfm Palatino
mktextfm Palatino
mktextfm Palatino
mktextfm Palatino
mktextfm Palatino
mktextfm Palatino/BI
mktextfm Palatino
mktextfm Palatino/B
mktextfm Palatino
mktextfm Palatino/I
mktextfm Palatino
mktextfm Palatino
mktextfm Palatino
mktextfm Palatino
mktextfm Palatino
mktextfm Palatino
mktextfm Palatino
mktextfm Palatino
mktextfm Palatino
mktextfm Palatino
mktextfm Palatino
mktextfm Palatino/BI
mktextfm Palatino
mktextfm Palatino/B
mktextfm Palatino
mktextfm Palatino/I
mktextfm Palatino
mktextfm Palatino
mktextfm Palatino
mktextfm Palatino
mktextfm Palatino
mktextfm Palatino
mktextfm Palatino
mktextfm Palatino
mktextfm Palatino
mktextfm Palatino
mktextfm Palatino
mktextfm Palatino/BI
mktextfm Palatino
mktextfm Palatino/B
mktextfm Palatino
mktextfm Palatino/I
mktextfm Palatino
mktextfm Palatino
mktextfm Palatino
mktextfm Palatino
mktextfm Palatino
mktextfm Palatino
mktextfm Palatino
mktextfm Palatino
mktextfm Monaco
mktextfm Monaco
mktextfm Monaco
mktextfm Monaco/BI
mktextfm Monaco
mktextfm Monaco/B
mktextfm Monaco
mktextfm Monaco/I
mktextfm Monaco
mktextfm Monaco
mktextfm Monaco
mktextfm Monaco
mktextfm Monaco
mktextfm Monaco
mktextfm Monaco
mktextfm Monaco/BI
mktextfm Monaco
mktextfm Monaco/B
mktextfm Monaco
mktextfm Monaco/I
mktextfm Monaco
mktextfm Monaco
mktextfm Monaco
mktextfm Monaco
mktextfm Monaco
mktextfm Monaco
mktextfm Monaco
mktextfm Monaco/BI
mktextfm Monaco
mktextfm Monaco/B
mktextfm Monaco
mktextfm Monaco/I
mktextfm Monaco
mktextfm Monaco
mktextfm Monaco
mktextfm Monaco
mktextfm Monaco
mktextfm Monaco
mktextfm Monaco
mktextfm Monaco/BI
mktextfm Monaco
mktextfm Monaco/B
mktextfm Monaco
mktextfm Monaco/I
mktextfm Monaco
mktextfm Monaco
mktextfm Monaco
mktextfm Monaco
